[debug] [2022-09-19T13:20:17.758Z] ----------------------------------------------------------------------
[debug] [2022-09-19T13:20:17.761Z] Command:       C:\Program Files (x86)\nodejs\node.exe C:\Users\zamzam\AppData\Roaming\npm\node_modules\firebase-tools\lib\bin\firebase.js deploy
[debug] [2022-09-19T13:20:17.761Z] CLI Version:   11.9.0
[debug] [2022-09-19T13:20:17.761Z] Platform:      win32
[debug] [2022-09-19T13:20:17.761Z] Node Version:  v16.16.0
[debug] [2022-09-19T13:20:17.764Z] Time:          Mon Sep 19 2022 18:20:17 GMT+0500 (Pakistan Standard Time)
[debug] [2022-09-19T13:20:17.764Z] ----------------------------------------------------------------------
[debug] 
[debug] [2022-09-19T13:20:17.838Z] > command requires scopes: ["email","openid","https://www.googleapis.com/auth/cloudplatformprojects.readonly","https://www.googleapis.com/auth/firebase","https://www.googleapis.com/auth/cloud-platform"]
[debug] [2022-09-19T13:20:17.839Z] > authorizing via signed-in user (hassanaleem86@gmail.com)
[debug] [2022-09-19T13:20:17.839Z] [iam] checking project my-portfolio-site-0007 for permissions ["firebase.projects.get","firebasehosting.sites.update"]
[debug] [2022-09-19T13:20:17.842Z] >>> [apiv2][query] POST https://cloudresourcemanager.googleapis.com/v1/projects/my-portfolio-site-0007:testIamPermissions [none]
[debug] [2022-09-19T13:20:17.842Z] >>> [apiv2][(partial)header] POST https://cloudresourcemanager.googleapis.com/v1/projects/my-portfolio-site-0007:testIamPermissions x-goog-quota-user=projects/my-portfolio-site-0007
[debug] [2022-09-19T13:20:17.842Z] >>> [apiv2][body] POST https://cloudresourcemanager.googleapis.com/v1/projects/my-portfolio-site-0007:testIamPermissions {"permissions":["firebase.projects.get","firebasehosting.sites.update"]}
[debug] [2022-09-19T13:20:19.565Z] <<< [apiv2][status] POST https://cloudresourcemanager.googleapis.com/v1/projects/my-portfolio-site-0007:testIamPermissions 200
[debug] [2022-09-19T13:20:19.565Z] <<< [apiv2][body] POST https://cloudresourcemanager.googleapis.com/v1/projects/my-portfolio-site-0007:testIamPermissions {"permissions":["firebase.projects.get","firebasehosting.sites.update"]}
[debug] [2022-09-19T13:20:19.567Z] >>> [apiv2][query] GET https://firebase.googleapis.com/v1beta1/projects/my-portfolio-site-0007 [none]
[debug] [2022-09-19T13:20:20.180Z] <<< [apiv2][status] GET https://firebase.googleapis.com/v1beta1/projects/my-portfolio-site-0007 200
[debug] [2022-09-19T13:20:20.181Z] <<< [apiv2][body] GET https://firebase.googleapis.com/v1beta1/projects/my-portfolio-site-0007 {"projectId":"my-portfolio-site-0007","projectNumber":"353103047552","displayName":"My-Portfolio-Site","name":"projects/my-portfolio-site-0007","resources":{"hostingSite":"my-portfolio-site-0007","realtimeDatabaseInstance":"my-portfolio-site-0007-default-rtdb"},"state":"ACTIVE","etag":"1_7819da39-22e5-4e9e-abe5-c93f53e63ee4"}
[info] 
[info] === Deploying to 'my-portfolio-site-0007'...
[info] 
[info] i  deploying hosting 
[debug] [2022-09-19T13:20:20.191Z] >>> [apiv2][query] GET https://firebase.googleapis.com/v1beta1/projects/my-portfolio-site-0007 [none]
[debug] [2022-09-19T13:20:20.917Z] <<< [apiv2][status] GET https://firebase.googleapis.com/v1beta1/projects/my-portfolio-site-0007 200
[debug] [2022-09-19T13:20:20.918Z] <<< [apiv2][body] GET https://firebase.googleapis.com/v1beta1/projects/my-portfolio-site-0007 {"projectId":"my-portfolio-site-0007","projectNumber":"353103047552","displayName":"My-Portfolio-Site","name":"projects/my-portfolio-site-0007","resources":{"hostingSite":"my-portfolio-site-0007","realtimeDatabaseInstance":"my-portfolio-site-0007-default-rtdb"},"state":"ACTIVE","etag":"1_7819da39-22e5-4e9e-abe5-c93f53e63ee4"}
[debug] [2022-09-19T13:20:20.927Z] >>> [apiv2][query] POST https://firebasehosting.googleapis.com/v1beta1/projects/353103047552/sites/my-portfolio-site-0007/versions [none]
[debug] [2022-09-19T13:20:20.927Z] >>> [apiv2][body] POST https://firebasehosting.googleapis.com/v1beta1/projects/353103047552/sites/my-portfolio-site-0007/versions {"config":{"rewrites":[{"glob":"**","path":"/index.html"}]},"labels":{"deployment-tool":"cli-firebase"}}
[debug] [2022-09-19T13:20:23.047Z] <<< [apiv2][status] POST https://firebasehosting.googleapis.com/v1beta1/projects/353103047552/sites/my-portfolio-site-0007/versions 200
[debug] [2022-09-19T13:20:23.047Z] <<< [apiv2][body] POST https://firebasehosting.googleapis.com/v1beta1/projects/353103047552/sites/my-portfolio-site-0007/versions {"name":"projects/353103047552/sites/my-portfolio-site-0007/versions/9f00dcc47f92c39c","status":"CREATED","config":{"rewrites":[{"glob":"**","path":"/index.html"}]},"labels":{"deployment-tool":"cli-firebase"}}
[info] i  hosting[my-portfolio-site-0007]: beginning deploy... 
[info] i  hosting[my-portfolio-site-0007]: found 36 files in build 
[debug] [2022-09-19T13:20:23.097Z] [hosting] uploading with 200 concurrency
[debug] [2022-09-19T13:20:23.099Z] [hosting] hash cache [YnVpbGQ] not populated
[debug] [2022-09-19T13:20:24.742Z] [hosting] hash cache [YnVpbGQ] stored for 36 files
[debug] [2022-09-19T13:20:24.743Z] [hosting][hash queue][FINAL] {"max":1630,"min":28,"avg":253.22222222222223,"active":0,"complete":36,"success":36,"errored":0,"retried":0,"total":36,"elapsed":1641}
[debug] [2022-09-19T13:20:24.744Z] >>> [apiv2][query] POST https://firebasehosting.googleapis.com/v1beta1/projects/353103047552/sites/my-portfolio-site-0007/versions/9f00dcc47f92c39c:populateFiles [none]
[debug] [2022-09-19T13:20:24.744Z] >>> [apiv2][body] POST https://firebasehosting.googleapis.com/v1beta1/projects/353103047552/sites/my-portfolio-site-0007/versions/9f00dcc47f92c39c:populateFiles {"files":{"/asset-manifest.json":"6291f19e4fb80b2d67fcd4013c1fdf3a95f72cc862291f73a4884d57938741da","/index.html":"c9e07fa1144ffd72d9c918de04eb17631039fbb3e1bc3aacf77baa5abc805eaa","/favicon.ico":"eae62e993eb980ec8a25058c39d5a51feab118bd2100c4deebb2a9c158ec11f9","/manifest.json":"aff3449bdc238776f5d6d967f19ec491b36aed5fb7f23ccff6500736fd58494a","/logo192.png":"3ee59515172ee198f3be375979df15ac5345183e656720a381b8872b2a39dc8b","/robots.txt":"bfe106a3fb878dc83461c86818bf74fc1bdc7f28538ba613cd3e775516ce8b49","/static/js/main.06c0a22c.js.LICENSE.txt":"fb972e8526e42bf5ba486e2e53bb24dfb3b7aa3cf6fb4b1666436cf1500abf11","/logo512.png":"ee7e2f3fdb8209c4b6fd7bef6ba50d1b9dba30a25bb5c3126df057e1cb6f5331","/static/media/Logo.461b87da487c1dc81f3e0e24f2c1c207.svg":"74a1d5d5c95b4ce4c2ca9f2b38271631d75468cab5e9dd77b566355fa02b5cba","/static/css/main.cb60c59d.css":"c916604afb14ce6c6b0bb6dee63401c30bcfbebb7b51f77fe8dc53841e531b99","/static/css/main.cb60c59d.css.map":"41ee804addbbaad986a687938983f7d772d42be991e0a3468d872b10e6cc529a","/static/media/MoreProjectsPic6.f2cc73a8f917c66f0ed3.png":"bd52b0ec17380c4638d65bce8f885d6e266a0f9a9ce60c60496a1a624c5e470c","/static/media/MoreProjectsPic11.7d165fada625c82c4900.png":"37409a61618d33e977289df7131703af4a72daff3cc2b8d66cce2372a7a05f60","/static/media/MoreProjectsPic12.5052c66569cf6a1d80a2.png":"9f05631dabe6cbc3ae5c1ec1f6e5d17151031b182cbe3c46b25ca918e3f1757b","/static/media/MoreProjectsPic4.f97f399777e7217fe838.png":"bdbb020faff5cef646547b2f87c0fad104e11ddbcc410973988804645a69ac2d","/static/media/MoreProjectsPic10.68cebb959f0cbd291a0b.png":"057d04e119e05859aaa03c3826e17bc7769ba954039a21fa1dd20498e871b452","/static/media/MoreProjectsPic14.449e74d0bdbc72e03bda.png":"2b4afe19b47e0974270c36a7222c222584a765de8d17e6b887f3f666365d0601","/static/media/TestimonialPic3.cb32503ade6132c229c7.jpg":"3520e2e107133f0ce2909e8021bfca99cb6a2bf438cc75ef6803ef269d788295","/static/js/main.06c0a22c.js":"3b1a8259991cd2af878449d7e93e5cee5863489cd9b7e3995744568730de7165","/static/media/MyPic.05a20458aa9829bea760.jpg":"7ed5dfc5928b1ad385d139ddfa2a4a81891ecff6a1899286a77ecdb0e2f9e306","/static/media/ProjectPicture3.0a07a17232e04db6e62e.png":"2c4d7fc15e9f14b2104d5bdad69af088ad566e6a7edb92c26e0c374dfcc41c6a","/static/media/TestimonialPic1.ec47153b4cc5a8d41f5b.JPG":"87c410af96c514cd039f310419c2fdf660d90ba3886ab4da36a463cee318b7e6","/static/media/MoreProjectsPic1.992f0103071ba0bffefa.png":"06b88ebc8bdc4edb2e23d6347cc265d82409fd880ac250aacac4bf63172b9186","/static/media/TestimonialPic2.4e20ec83990826f67218.jpg":"8feb7dccc416d5d9c37d011227d05a0efa4c81fa2d49b39074fa4aafecaecf6c","/static/media/MoreProjectsPic3.b96c5d36e447ea5e9735.png":"adeb7821b236214259d526e8553b7f003e04525b38cb8ee17f02a184a5dba368","/static/media/MyPic3.7fa55a2784ed0b48edb9.png":"6c3fae5be70501a052b9e87ec52975bfa9a0f934a18019e557b9fc77316234f1","/static/media/MyPic2.041cae76ff3f79415878.png":"89d6df6692bf89b18fc728672c108bd41fa05e87cc9c876a20f2bd81b4203d53","/static/media/MoreProjectsPic13.cbab19e584bc35809a21.png":"c5162450985e6059c32c0ec729a810b976ee72aa731b77a383adedb1806558ec","/static/media/MoreProjectsPic2.845815851035cd23d9cc.png":"592314bd55c8b6542fff9b91ff05b30689008806b197354b32716afa184f1b8a","/static/media/ProjectPicture4.01c149600af994bdc07f.png":"1e060559f9c9de516afdaefe0a1958d83d8d55add0033025b8b50c233c4bf538","/static/media/ProjectPicture1.6d79cbfa69268a6c10e1.png":"24029713dd94821c20b7efcb9c6af7f487bccfc9e616b5bacb2cbac1aca9bd37","/static/media/MoreProjectsPic5.9e731fddccae0749ae52.png":"9ac6f7c926f0151d612340cf7df3f139124730902f7f86546abd7d3b28232e4e","/static/media/MoreProjectsPic7.d946080252c57d949d4e.png":"cd68c498b1f5c86c306990eb2b7e87430ae34523eb446be74eed9e0a9c5b8692","/static/media/ProjectPicture2.eb243f474e7d51b18648.png":"bc16e82e3b0039871502943f602437cabd76742da6f846c8c14dfd5c0f477433","/static/media/ProjectPicture5.e1922ae09e1d3f83d5b3.png":"96896babc5093a105884ef2f561e490405b8d27e89617ff26069b1a82a3fd7fa","/static/js/main.06c0a22c.js.map":"e7db794e24d20667d5e9c4f37a47743d814d4474b1412a7bd5bb51c61513902e"}}
[debug] [2022-09-19T13:20:28.357Z] <<< [apiv2][status] POST https://firebasehosting.googleapis.com/v1beta1/projects/353103047552/sites/my-portfolio-site-0007/versions/9f00dcc47f92c39c:populateFiles 200
[debug] [2022-09-19T13:20:28.358Z] <<< [apiv2][body] POST https://firebasehosting.googleapis.com/v1beta1/projects/353103047552/sites/my-portfolio-site-0007/versions/9f00dcc47f92c39c:populateFiles {"uploadRequiredHashes":["c5162450985e6059c32c0ec729a810b976ee72aa731b77a383adedb1806558ec","89d6df6692bf89b18fc728672c108bd41fa05e87cc9c876a20f2bd81b4203d53","06b88ebc8bdc4edb2e23d6347cc265d82409fd880ac250aacac4bf63172b9186","adeb7821b236214259d526e8553b7f003e04525b38cb8ee17f02a184a5dba368","e7db794e24d20667d5e9c4f37a47743d814d4474b1412a7bd5bb51c61513902e","6c3fae5be70501a052b9e87ec52975bfa9a0f934a18019e557b9fc77316234f1","2c4d7fc15e9f14b2104d5bdad69af088ad566e6a7edb92c26e0c374dfcc41c6a","592314bd55c8b6542fff9b91ff05b30689008806b197354b32716afa184f1b8a","96896babc5093a105884ef2f561e490405b8d27e89617ff26069b1a82a3fd7fa","1e060559f9c9de516afdaefe0a1958d83d8d55add0033025b8b50c233c4bf538","bc16e82e3b0039871502943f602437cabd76742da6f846c8c14dfd5c0f477433","24029713dd94821c20b7efcb9c6af7f487bccfc9e616b5bacb2cbac1aca9bd37","cd68c498b1f5c86c306990eb2b7e87430ae34523eb446be74eed9e0a9c5b8692","8feb7dccc416d5d9c37d011227d05a0efa4c81fa2d49b39074fa4aafecaecf6c","9ac6f7c926f0151d612340cf7df3f139124730902f7f86546abd7d3b28232e4e"],"uploadUrl":"https://upload-firebasehosting.googleapis.com/upload/sites/my-portfolio-site-0007/versions/9f00dcc47f92c39c/files"}
[debug] [2022-09-19T13:20:28.362Z] >>> [apiv2][query] POST https://upload-firebasehosting.googleapis.com/upload/sites/my-portfolio-site-0007/versions/9f00dcc47f92c39c/files/c5162450985e6059c32c0ec729a810b976ee72aa731b77a383adedb1806558ec [none]
[debug] [2022-09-19T13:20:28.362Z] >>> [apiv2][body] POST https://upload-firebasehosting.googleapis.com/upload/sites/my-portfolio-site-0007/versions/9f00dcc47f92c39c/files/c5162450985e6059c32c0ec729a810b976ee72aa731b77a383adedb1806558ec [stream]
[debug] [2022-09-19T13:20:28.364Z] >>> [apiv2][query] POST https://upload-firebasehosting.googleapis.com/upload/sites/my-portfolio-site-0007/versions/9f00dcc47f92c39c/files/89d6df6692bf89b18fc728672c108bd41fa05e87cc9c876a20f2bd81b4203d53 [none]
[debug] [2022-09-19T13:20:28.365Z] >>> [apiv2][body] POST https://upload-firebasehosting.googleapis.com/upload/sites/my-portfolio-site-0007/versions/9f00dcc47f92c39c/files/89d6df6692bf89b18fc728672c108bd41fa05e87cc9c876a20f2bd81b4203d53 [stream]
[debug] [2022-09-19T13:20:28.366Z] >>> [apiv2][query] POST https://upload-firebasehosting.googleapis.com/upload/sites/my-portfolio-site-0007/versions/9f00dcc47f92c39c/files/06b88ebc8bdc4edb2e23d6347cc265d82409fd880ac250aacac4bf63172b9186 [none]
[debug] [2022-09-19T13:20:28.366Z] >>> [apiv2][body] POST https://upload-firebasehosting.googleapis.com/upload/sites/my-portfolio-site-0007/versions/9f00dcc47f92c39c/files/06b88ebc8bdc4edb2e23d6347cc265d82409fd880ac250aacac4bf63172b9186 [stream]
[debug] [2022-09-19T13:20:28.367Z] >>> [apiv2][query] POST https://upload-firebasehosting.googleapis.com/upload/sites/my-portfolio-site-0007/versions/9f00dcc47f92c39c/files/adeb7821b236214259d526e8553b7f003e04525b38cb8ee17f02a184a5dba368 [none]
[debug] [2022-09-19T13:20:28.367Z] >>> [apiv2][body] POST https://upload-firebasehosting.googleapis.com/upload/sites/my-portfolio-site-0007/versions/9f00dcc47f92c39c/files/adeb7821b236214259d526e8553b7f003e04525b38cb8ee17f02a184a5dba368 [stream]
[debug] [2022-09-19T13:20:28.369Z] >>> [apiv2][query] POST https://upload-firebasehosting.googleapis.com/upload/sites/my-portfolio-site-0007/versions/9f00dcc47f92c39c/files/e7db794e24d20667d5e9c4f37a47743d814d4474b1412a7bd5bb51c61513902e [none]
[debug] [2022-09-19T13:20:28.369Z] >>> [apiv2][body] POST https://upload-firebasehosting.googleapis.com/upload/sites/my-portfolio-site-0007/versions/9f00dcc47f92c39c/files/e7db794e24d20667d5e9c4f37a47743d814d4474b1412a7bd5bb51c61513902e [stream]
[debug] [2022-09-19T13:20:28.371Z] >>> [apiv2][query] POST https://upload-firebasehosting.googleapis.com/upload/sites/my-portfolio-site-0007/versions/9f00dcc47f92c39c/files/6c3fae5be70501a052b9e87ec52975bfa9a0f934a18019e557b9fc77316234f1 [none]
[debug] [2022-09-19T13:20:28.371Z] >>> [apiv2][body] POST https://upload-firebasehosting.googleapis.com/upload/sites/my-portfolio-site-0007/versions/9f00dcc47f92c39c/files/6c3fae5be70501a052b9e87ec52975bfa9a0f934a18019e557b9fc77316234f1 [stream]
[debug] [2022-09-19T13:20:28.372Z] >>> [apiv2][query] POST https://upload-firebasehosting.googleapis.com/upload/sites/my-portfolio-site-0007/versions/9f00dcc47f92c39c/files/2c4d7fc15e9f14b2104d5bdad69af088ad566e6a7edb92c26e0c374dfcc41c6a [none]
[debug] [2022-09-19T13:20:28.372Z] >>> [apiv2][body] POST https://upload-firebasehosting.googleapis.com/upload/sites/my-portfolio-site-0007/versions/9f00dcc47f92c39c/files/2c4d7fc15e9f14b2104d5bdad69af088ad566e6a7edb92c26e0c374dfcc41c6a [stream]
[debug] [2022-09-19T13:20:28.373Z] >>> [apiv2][query] POST https://upload-firebasehosting.googleapis.com/upload/sites/my-portfolio-site-0007/versions/9f00dcc47f92c39c/files/592314bd55c8b6542fff9b91ff05b30689008806b197354b32716afa184f1b8a [none]
[debug] [2022-09-19T13:20:28.373Z] >>> [apiv2][body] POST https://upload-firebasehosting.googleapis.com/upload/sites/my-portfolio-site-0007/versions/9f00dcc47f92c39c/files/592314bd55c8b6542fff9b91ff05b30689008806b197354b32716afa184f1b8a [stream]
[debug] [2022-09-19T13:20:28.375Z] >>> [apiv2][query] POST https://upload-firebasehosting.googleapis.com/upload/sites/my-portfolio-site-0007/versions/9f00dcc47f92c39c/files/96896babc5093a105884ef2f561e490405b8d27e89617ff26069b1a82a3fd7fa [none]
[debug] [2022-09-19T13:20:28.375Z] >>> [apiv2][body] POST https://upload-firebasehosting.googleapis.com/upload/sites/my-portfolio-site-0007/versions/9f00dcc47f92c39c/files/96896babc5093a105884ef2f561e490405b8d27e89617ff26069b1a82a3fd7fa [stream]
[debug] [2022-09-19T13:20:28.376Z] >>> [apiv2][query] POST https://upload-firebasehosting.googleapis.com/upload/sites/my-portfolio-site-0007/versions/9f00dcc47f92c39c/files/1e060559f9c9de516afdaefe0a1958d83d8d55add0033025b8b50c233c4bf538 [none]
[debug] [2022-09-19T13:20:28.376Z] >>> [apiv2][body] POST https://upload-firebasehosting.googleapis.com/upload/sites/my-portfolio-site-0007/versions/9f00dcc47f92c39c/files/1e060559f9c9de516afdaefe0a1958d83d8d55add0033025b8b50c233c4bf538 [stream]
[debug] [2022-09-19T13:20:28.378Z] >>> [apiv2][query] POST https://upload-firebasehosting.googleapis.com/upload/sites/my-portfolio-site-0007/versions/9f00dcc47f92c39c/files/bc16e82e3b0039871502943f602437cabd76742da6f846c8c14dfd5c0f477433 [none]
[debug] [2022-09-19T13:20:28.378Z] >>> [apiv2][body] POST https://upload-firebasehosting.googleapis.com/upload/sites/my-portfolio-site-0007/versions/9f00dcc47f92c39c/files/bc16e82e3b0039871502943f602437cabd76742da6f846c8c14dfd5c0f477433 [stream]
[debug] [2022-09-19T13:20:28.379Z] >>> [apiv2][query] POST https://upload-firebasehosting.googleapis.com/upload/sites/my-portfolio-site-0007/versions/9f00dcc47f92c39c/files/24029713dd94821c20b7efcb9c6af7f487bccfc9e616b5bacb2cbac1aca9bd37 [none]
[debug] [2022-09-19T13:20:28.380Z] >>> [apiv2][body] POST https://upload-firebasehosting.googleapis.com/upload/sites/my-portfolio-site-0007/versions/9f00dcc47f92c39c/files/24029713dd94821c20b7efcb9c6af7f487bccfc9e616b5bacb2cbac1aca9bd37 [stream]
[debug] [2022-09-19T13:20:28.381Z] >>> [apiv2][query] POST https://upload-firebasehosting.googleapis.com/upload/sites/my-portfolio-site-0007/versions/9f00dcc47f92c39c/files/cd68c498b1f5c86c306990eb2b7e87430ae34523eb446be74eed9e0a9c5b8692 [none]
[debug] [2022-09-19T13:20:28.381Z] >>> [apiv2][body] POST https://upload-firebasehosting.googleapis.com/upload/sites/my-portfolio-site-0007/versions/9f00dcc47f92c39c/files/cd68c498b1f5c86c306990eb2b7e87430ae34523eb446be74eed9e0a9c5b8692 [stream]
[debug] [2022-09-19T13:20:28.382Z] >>> [apiv2][query] POST https://upload-firebasehosting.googleapis.com/upload/sites/my-portfolio-site-0007/versions/9f00dcc47f92c39c/files/8feb7dccc416d5d9c37d011227d05a0efa4c81fa2d49b39074fa4aafecaecf6c [none]
[debug] [2022-09-19T13:20:28.382Z] >>> [apiv2][body] POST https://upload-firebasehosting.googleapis.com/upload/sites/my-portfolio-site-0007/versions/9f00dcc47f92c39c/files/8feb7dccc416d5d9c37d011227d05a0efa4c81fa2d49b39074fa4aafecaecf6c [stream]
[debug] [2022-09-19T13:20:28.386Z] >>> [apiv2][query] POST https://upload-firebasehosting.googleapis.com/upload/sites/my-portfolio-site-0007/versions/9f00dcc47f92c39c/files/9ac6f7c926f0151d612340cf7df3f139124730902f7f86546abd7d3b28232e4e [none]
[debug] [2022-09-19T13:20:28.386Z] >>> [apiv2][body] POST https://upload-firebasehosting.googleapis.com/upload/sites/my-portfolio-site-0007/versions/9f00dcc47f92c39c/files/9ac6f7c926f0151d612340cf7df3f139124730902f7f86546abd7d3b28232e4e [stream]
[debug] [2022-09-19T13:20:28.387Z] [hosting][populate queue][FINAL] {"max":3624,"min":3624,"avg":3624,"active":0,"complete":1,"success":1,"errored":0,"retried":0,"total":1,"elapsed":3649}
[debug] [2022-09-19T13:20:28.388Z] [hosting] uploads queued: 15
[debug] [2022-09-19T13:20:58.349Z] <<< [apiv2][status] POST https://upload-firebasehosting.googleapis.com/upload/sites/my-portfolio-site-0007/versions/9f00dcc47f92c39c/files/2c4d7fc15e9f14b2104d5bdad69af088ad566e6a7edb92c26e0c374dfcc41c6a 200
[debug] [2022-09-19T13:20:58.349Z] <<< [apiv2][body] POST https://upload-firebasehosting.googleapis.com/upload/sites/my-portfolio-site-0007/versions/9f00dcc47f92c39c/files/2c4d7fc15e9f14b2104d5bdad69af088ad566e6a7edb92c26e0c374dfcc41c6a [stream]
[debug] [2022-09-19T13:20:58.777Z] [uploadQueue] Retrying task c5162450985e6059c32c0ec729a810b976ee72aa731b77a383adedb1806558ec
[debug] [2022-09-19T13:20:58.778Z] >>> [apiv2][query] POST https://upload-firebasehosting.googleapis.com/upload/sites/my-portfolio-site-0007/versions/9f00dcc47f92c39c/files/c5162450985e6059c32c0ec729a810b976ee72aa731b77a383adedb1806558ec [none]
[debug] [2022-09-19T13:20:58.778Z] >>> [apiv2][body] POST https://upload-firebasehosting.googleapis.com/upload/sites/my-portfolio-site-0007/versions/9f00dcc47f92c39c/files/c5162450985e6059c32c0ec729a810b976ee72aa731b77a383adedb1806558ec [stream]
[debug] [2022-09-19T13:20:58.779Z] [uploadQueue] Retrying task 89d6df6692bf89b18fc728672c108bd41fa05e87cc9c876a20f2bd81b4203d53
[debug] [2022-09-19T13:20:58.780Z] >>> [apiv2][query] POST https://upload-firebasehosting.googleapis.com/upload/sites/my-portfolio-site-0007/versions/9f00dcc47f92c39c/files/89d6df6692bf89b18fc728672c108bd41fa05e87cc9c876a20f2bd81b4203d53 [none]
[debug] [2022-09-19T13:20:58.780Z] >>> [apiv2][body] POST https://upload-firebasehosting.googleapis.com/upload/sites/my-portfolio-site-0007/versions/9f00dcc47f92c39c/files/89d6df6692bf89b18fc728672c108bd41fa05e87cc9c876a20f2bd81b4203d53 [stream]
[debug] [2022-09-19T13:20:58.781Z] [uploadQueue] Retrying task 06b88ebc8bdc4edb2e23d6347cc265d82409fd880ac250aacac4bf63172b9186
[debug] [2022-09-19T13:20:58.781Z] >>> [apiv2][query] POST https://upload-firebasehosting.googleapis.com/upload/sites/my-portfolio-site-0007/versions/9f00dcc47f92c39c/files/06b88ebc8bdc4edb2e23d6347cc265d82409fd880ac250aacac4bf63172b9186 [none]
[debug] [2022-09-19T13:20:58.781Z] >>> [apiv2][body] POST https://upload-firebasehosting.googleapis.com/upload/sites/my-portfolio-site-0007/versions/9f00dcc47f92c39c/files/06b88ebc8bdc4edb2e23d6347cc265d82409fd880ac250aacac4bf63172b9186 [stream]
[debug] [2022-09-19T13:20:58.783Z] [uploadQueue] Retrying task adeb7821b236214259d526e8553b7f003e04525b38cb8ee17f02a184a5dba368
[debug] [2022-09-19T13:20:58.783Z] >>> [apiv2][query] POST https://upload-firebasehosting.googleapis.com/upload/sites/my-portfolio-site-0007/versions/9f00dcc47f92c39c/files/adeb7821b236214259d526e8553b7f003e04525b38cb8ee17f02a184a5dba368 [none]
[debug] [2022-09-19T13:20:58.783Z] >>> [apiv2][body] POST https://upload-firebasehosting.googleapis.com/upload/sites/my-portfolio-site-0007/versions/9f00dcc47f92c39c/files/adeb7821b236214259d526e8553b7f003e04525b38cb8ee17f02a184a5dba368 [stream]
[debug] [2022-09-19T13:20:58.785Z] [uploadQueue] Retrying task 6c3fae5be70501a052b9e87ec52975bfa9a0f934a18019e557b9fc77316234f1
[debug] [2022-09-19T13:20:58.785Z] >>> [apiv2][query] POST https://upload-firebasehosting.googleapis.com/upload/sites/my-portfolio-site-0007/versions/9f00dcc47f92c39c/files/6c3fae5be70501a052b9e87ec52975bfa9a0f934a18019e557b9fc77316234f1 [none]
[debug] [2022-09-19T13:20:58.785Z] >>> [apiv2][body] POST https://upload-firebasehosting.googleapis.com/upload/sites/my-portfolio-site-0007/versions/9f00dcc47f92c39c/files/6c3fae5be70501a052b9e87ec52975bfa9a0f934a18019e557b9fc77316234f1 [stream]
[debug] [2022-09-19T13:20:58.788Z] [uploadQueue] Retrying task 592314bd55c8b6542fff9b91ff05b30689008806b197354b32716afa184f1b8a
[debug] [2022-09-19T13:20:58.788Z] >>> [apiv2][query] POST https://upload-firebasehosting.googleapis.com/upload/sites/my-portfolio-site-0007/versions/9f00dcc47f92c39c/files/592314bd55c8b6542fff9b91ff05b30689008806b197354b32716afa184f1b8a [none]
[debug] [2022-09-19T13:20:58.788Z] >>> [apiv2][body] POST https://upload-firebasehosting.googleapis.com/upload/sites/my-portfolio-site-0007/versions/9f00dcc47f92c39c/files/592314bd55c8b6542fff9b91ff05b30689008806b197354b32716afa184f1b8a [stream]
[debug] [2022-09-19T13:20:58.789Z] [uploadQueue] Retrying task 1e060559f9c9de516afdaefe0a1958d83d8d55add0033025b8b50c233c4bf538
[debug] [2022-09-19T13:20:58.789Z] >>> [apiv2][query] POST https://upload-firebasehosting.googleapis.com/upload/sites/my-portfolio-site-0007/versions/9f00dcc47f92c39c/files/1e060559f9c9de516afdaefe0a1958d83d8d55add0033025b8b50c233c4bf538 [none]
[debug] [2022-09-19T13:20:58.789Z] >>> [apiv2][body] POST https://upload-firebasehosting.googleapis.com/upload/sites/my-portfolio-site-0007/versions/9f00dcc47f92c39c/files/1e060559f9c9de516afdaefe0a1958d83d8d55add0033025b8b50c233c4bf538 [stream]
[debug] [2022-09-19T13:20:58.791Z] [uploadQueue] Retrying task 24029713dd94821c20b7efcb9c6af7f487bccfc9e616b5bacb2cbac1aca9bd37
[debug] [2022-09-19T13:20:58.791Z] >>> [apiv2][query] POST https://upload-firebasehosting.googleapis.com/upload/sites/my-portfolio-site-0007/versions/9f00dcc47f92c39c/files/24029713dd94821c20b7efcb9c6af7f487bccfc9e616b5bacb2cbac1aca9bd37 [none]
[debug] [2022-09-19T13:20:58.791Z] >>> [apiv2][body] POST https://upload-firebasehosting.googleapis.com/upload/sites/my-portfolio-site-0007/versions/9f00dcc47f92c39c/files/24029713dd94821c20b7efcb9c6af7f487bccfc9e616b5bacb2cbac1aca9bd37 [stream]
[debug] [2022-09-19T13:20:58.793Z] [uploadQueue] Retrying task 8feb7dccc416d5d9c37d011227d05a0efa4c81fa2d49b39074fa4aafecaecf6c
[debug] [2022-09-19T13:20:58.793Z] >>> [apiv2][query] POST https://upload-firebasehosting.googleapis.com/upload/sites/my-portfolio-site-0007/versions/9f00dcc47f92c39c/files/8feb7dccc416d5d9c37d011227d05a0efa4c81fa2d49b39074fa4aafecaecf6c [none]
[debug] [2022-09-19T13:20:58.793Z] >>> [apiv2][body] POST https://upload-firebasehosting.googleapis.com/upload/sites/my-portfolio-site-0007/versions/9f00dcc47f92c39c/files/8feb7dccc416d5d9c37d011227d05a0efa4c81fa2d49b39074fa4aafecaecf6c [stream]
[debug] [2022-09-19T13:21:02.265Z] [uploadQueue] Retrying task 9ac6f7c926f0151d612340cf7df3f139124730902f7f86546abd7d3b28232e4e
[debug] [2022-09-19T13:21:02.267Z] >>> [apiv2][query] POST https://upload-firebasehosting.googleapis.com/upload/sites/my-portfolio-site-0007/versions/9f00dcc47f92c39c/files/9ac6f7c926f0151d612340cf7df3f139124730902f7f86546abd7d3b28232e4e [none]
[debug] [2022-09-19T13:21:02.267Z] >>> [apiv2][body] POST https://upload-firebasehosting.googleapis.com/upload/sites/my-portfolio-site-0007/versions/9f00dcc47f92c39c/files/9ac6f7c926f0151d612340cf7df3f139124730902f7f86546abd7d3b28232e4e [stream]
[debug] [2022-09-19T13:21:13.178Z] [uploadQueue] Retrying task cd68c498b1f5c86c306990eb2b7e87430ae34523eb446be74eed9e0a9c5b8692
[debug] [2022-09-19T13:21:13.179Z] >>> [apiv2][query] POST https://upload-firebasehosting.googleapis.com/upload/sites/my-portfolio-site-0007/versions/9f00dcc47f92c39c/files/cd68c498b1f5c86c306990eb2b7e87430ae34523eb446be74eed9e0a9c5b8692 [none]
[debug] [2022-09-19T13:21:13.179Z] >>> [apiv2][body] POST https://upload-firebasehosting.googleapis.com/upload/sites/my-portfolio-site-0007/versions/9f00dcc47f92c39c/files/cd68c498b1f5c86c306990eb2b7e87430ae34523eb446be74eed9e0a9c5b8692 [stream]
[debug] [2022-09-19T13:21:18.228Z] [uploadQueue] Retrying task bc16e82e3b0039871502943f602437cabd76742da6f846c8c14dfd5c0f477433
[debug] [2022-09-19T13:21:18.230Z] >>> [apiv2][query] POST https://upload-firebasehosting.googleapis.com/upload/sites/my-portfolio-site-0007/versions/9f00dcc47f92c39c/files/bc16e82e3b0039871502943f602437cabd76742da6f846c8c14dfd5c0f477433 [none]
[debug] [2022-09-19T13:21:18.230Z] >>> [apiv2][body] POST https://upload-firebasehosting.googleapis.com/upload/sites/my-portfolio-site-0007/versions/9f00dcc47f92c39c/files/bc16e82e3b0039871502943f602437cabd76742da6f846c8c14dfd5c0f477433 [stream]
[debug] [2022-09-19T13:21:29.583Z] [uploadQueue] Retrying task c5162450985e6059c32c0ec729a810b976ee72aa731b77a383adedb1806558ec
[debug] [2022-09-19T13:21:29.584Z] >>> [apiv2][query] POST https://upload-firebasehosting.googleapis.com/upload/sites/my-portfolio-site-0007/versions/9f00dcc47f92c39c/files/c5162450985e6059c32c0ec729a810b976ee72aa731b77a383adedb1806558ec [none]
[debug] [2022-09-19T13:21:29.584Z] >>> [apiv2][body] POST https://upload-firebasehosting.googleapis.com/upload/sites/my-portfolio-site-0007/versions/9f00dcc47f92c39c/files/c5162450985e6059c32c0ec729a810b976ee72aa731b77a383adedb1806558ec [stream]
[debug] [2022-09-19T13:21:29.587Z] [uploadQueue] Retrying task 89d6df6692bf89b18fc728672c108bd41fa05e87cc9c876a20f2bd81b4203d53
[debug] [2022-09-19T13:21:29.587Z] >>> [apiv2][query] POST https://upload-firebasehosting.googleapis.com/upload/sites/my-portfolio-site-0007/versions/9f00dcc47f92c39c/files/89d6df6692bf89b18fc728672c108bd41fa05e87cc9c876a20f2bd81b4203d53 [none]
[debug] [2022-09-19T13:21:29.587Z] >>> [apiv2][body] POST https://upload-firebasehosting.googleapis.com/upload/sites/my-portfolio-site-0007/versions/9f00dcc47f92c39c/files/89d6df6692bf89b18fc728672c108bd41fa05e87cc9c876a20f2bd81b4203d53 [stream]
[debug] [2022-09-19T13:21:29.588Z] [uploadQueue] Retrying task 06b88ebc8bdc4edb2e23d6347cc265d82409fd880ac250aacac4bf63172b9186
[debug] [2022-09-19T13:21:29.589Z] >>> [apiv2][query] POST https://upload-firebasehosting.googleapis.com/upload/sites/my-portfolio-site-0007/versions/9f00dcc47f92c39c/files/06b88ebc8bdc4edb2e23d6347cc265d82409fd880ac250aacac4bf63172b9186 [none]
[debug] [2022-09-19T13:21:29.589Z] >>> [apiv2][body] POST https://upload-firebasehosting.googleapis.com/upload/sites/my-portfolio-site-0007/versions/9f00dcc47f92c39c/files/06b88ebc8bdc4edb2e23d6347cc265d82409fd880ac250aacac4bf63172b9186 [stream]
[debug] [2022-09-19T13:21:29.590Z] [uploadQueue] Retrying task adeb7821b236214259d526e8553b7f003e04525b38cb8ee17f02a184a5dba368
[debug] [2022-09-19T13:21:29.590Z] >>> [apiv2][query] POST https://upload-firebasehosting.googleapis.com/upload/sites/my-portfolio-site-0007/versions/9f00dcc47f92c39c/files/adeb7821b236214259d526e8553b7f003e04525b38cb8ee17f02a184a5dba368 [none]
[debug] [2022-09-19T13:21:29.590Z] >>> [apiv2][body] POST https://upload-firebasehosting.googleapis.com/upload/sites/my-portfolio-site-0007/versions/9f00dcc47f92c39c/files/adeb7821b236214259d526e8553b7f003e04525b38cb8ee17f02a184a5dba368 [stream]
[debug] [2022-09-19T13:21:29.591Z] [uploadQueue] Retrying task 6c3fae5be70501a052b9e87ec52975bfa9a0f934a18019e557b9fc77316234f1
[debug] [2022-09-19T13:21:29.591Z] >>> [apiv2][query] POST https://upload-firebasehosting.googleapis.com/upload/sites/my-portfolio-site-0007/versions/9f00dcc47f92c39c/files/6c3fae5be70501a052b9e87ec52975bfa9a0f934a18019e557b9fc77316234f1 [none]
[debug] [2022-09-19T13:21:29.591Z] >>> [apiv2][body] POST https://upload-firebasehosting.googleapis.com/upload/sites/my-portfolio-site-0007/versions/9f00dcc47f92c39c/files/6c3fae5be70501a052b9e87ec52975bfa9a0f934a18019e557b9fc77316234f1 [stream]
[debug] [2022-09-19T13:21:29.595Z] [uploadQueue] Retrying task 592314bd55c8b6542fff9b91ff05b30689008806b197354b32716afa184f1b8a
[debug] [2022-09-19T13:21:29.595Z] >>> [apiv2][query] POST https://upload-firebasehosting.googleapis.com/upload/sites/my-portfolio-site-0007/versions/9f00dcc47f92c39c/files/592314bd55c8b6542fff9b91ff05b30689008806b197354b32716afa184f1b8a [none]
[debug] [2022-09-19T13:21:29.595Z] >>> [apiv2][body] POST https://upload-firebasehosting.googleapis.com/upload/sites/my-portfolio-site-0007/versions/9f00dcc47f92c39c/files/592314bd55c8b6542fff9b91ff05b30689008806b197354b32716afa184f1b8a [stream]
[debug] [2022-09-19T13:21:29.597Z] [uploadQueue] Retrying task 1e060559f9c9de516afdaefe0a1958d83d8d55add0033025b8b50c233c4bf538
[debug] [2022-09-19T13:21:29.598Z] >>> [apiv2][query] POST https://upload-firebasehosting.googleapis.com/upload/sites/my-portfolio-site-0007/versions/9f00dcc47f92c39c/files/1e060559f9c9de516afdaefe0a1958d83d8d55add0033025b8b50c233c4bf538 [none]
[debug] [2022-09-19T13:21:29.598Z] >>> [apiv2][body] POST https://upload-firebasehosting.googleapis.com/upload/sites/my-portfolio-site-0007/versions/9f00dcc47f92c39c/files/1e060559f9c9de516afdaefe0a1958d83d8d55add0033025b8b50c233c4bf538 [stream]
[debug] [2022-09-19T13:21:29.599Z] [uploadQueue] Retrying task 24029713dd94821c20b7efcb9c6af7f487bccfc9e616b5bacb2cbac1aca9bd37
[debug] [2022-09-19T13:21:29.599Z] >>> [apiv2][query] POST https://upload-firebasehosting.googleapis.com/upload/sites/my-portfolio-site-0007/versions/9f00dcc47f92c39c/files/24029713dd94821c20b7efcb9c6af7f487bccfc9e616b5bacb2cbac1aca9bd37 [none]
[debug] [2022-09-19T13:21:29.599Z] >>> [apiv2][body] POST https://upload-firebasehosting.googleapis.com/upload/sites/my-portfolio-site-0007/versions/9f00dcc47f92c39c/files/24029713dd94821c20b7efcb9c6af7f487bccfc9e616b5bacb2cbac1aca9bd37 [stream]
[debug] [2022-09-19T13:21:29.600Z] [uploadQueue] Retrying task 8feb7dccc416d5d9c37d011227d05a0efa4c81fa2d49b39074fa4aafecaecf6c
[debug] [2022-09-19T13:21:29.600Z] >>> [apiv2][query] POST https://upload-firebasehosting.googleapis.com/upload/sites/my-portfolio-site-0007/versions/9f00dcc47f92c39c/files/8feb7dccc416d5d9c37d011227d05a0efa4c81fa2d49b39074fa4aafecaecf6c [none]
[debug] [2022-09-19T13:21:29.601Z] >>> [apiv2][body] POST https://upload-firebasehosting.googleapis.com/upload/sites/my-portfolio-site-0007/versions/9f00dcc47f92c39c/files/8feb7dccc416d5d9c37d011227d05a0efa4c81fa2d49b39074fa4aafecaecf6c [stream]
[debug] [2022-09-19T13:21:34.831Z] [uploadQueue] Retrying task 96896babc5093a105884ef2f561e490405b8d27e89617ff26069b1a82a3fd7fa
[debug] [2022-09-19T13:21:34.832Z] >>> [apiv2][query] POST https://upload-firebasehosting.googleapis.com/upload/sites/my-portfolio-site-0007/versions/9f00dcc47f92c39c/files/96896babc5093a105884ef2f561e490405b8d27e89617ff26069b1a82a3fd7fa [none]
[debug] [2022-09-19T13:21:34.832Z] >>> [apiv2][body] POST https://upload-firebasehosting.googleapis.com/upload/sites/my-portfolio-site-0007/versions/9f00dcc47f92c39c/files/96896babc5093a105884ef2f561e490405b8d27e89617ff26069b1a82a3fd7fa [stream]
[debug] [2022-09-19T13:21:36.576Z] [uploadQueue] Retrying task 9ac6f7c926f0151d612340cf7df3f139124730902f7f86546abd7d3b28232e4e
[debug] [2022-09-19T13:21:36.577Z] >>> [apiv2][query] POST https://upload-firebasehosting.googleapis.com/upload/sites/my-portfolio-site-0007/versions/9f00dcc47f92c39c/files/9ac6f7c926f0151d612340cf7df3f139124730902f7f86546abd7d3b28232e4e [none]
[debug] [2022-09-19T13:21:36.577Z] >>> [apiv2][body] POST https://upload-firebasehosting.googleapis.com/upload/sites/my-portfolio-site-0007/versions/9f00dcc47f92c39c/files/9ac6f7c926f0151d612340cf7df3f139124730902f7f86546abd7d3b28232e4e [stream]
[debug] [2022-09-19T13:21:58.391Z] [uploadQueue] Retrying task cd68c498b1f5c86c306990eb2b7e87430ae34523eb446be74eed9e0a9c5b8692
[debug] [2022-09-19T13:21:58.391Z] >>> [apiv2][query] POST https://upload-firebasehosting.googleapis.com/upload/sites/my-portfolio-site-0007/versions/9f00dcc47f92c39c/files/cd68c498b1f5c86c306990eb2b7e87430ae34523eb446be74eed9e0a9c5b8692 [none]
[debug] [2022-09-19T13:21:58.391Z] >>> [apiv2][body] POST https://upload-firebasehosting.googleapis.com/upload/sites/my-portfolio-site-0007/versions/9f00dcc47f92c39c/files/cd68c498b1f5c86c306990eb2b7e87430ae34523eb446be74eed9e0a9c5b8692 [stream]
[debug] [2022-09-19T13:22:01.186Z] [uploadQueue] Retrying task c5162450985e6059c32c0ec729a810b976ee72aa731b77a383adedb1806558ec
[debug] [2022-09-19T13:22:01.186Z] >>> [apiv2][query] POST https://upload-firebasehosting.googleapis.com/upload/sites/my-portfolio-site-0007/versions/9f00dcc47f92c39c/files/c5162450985e6059c32c0ec729a810b976ee72aa731b77a383adedb1806558ec [none]
[debug] [2022-09-19T13:22:01.187Z] >>> [apiv2][body] POST https://upload-firebasehosting.googleapis.com/upload/sites/my-portfolio-site-0007/versions/9f00dcc47f92c39c/files/c5162450985e6059c32c0ec729a810b976ee72aa731b77a383adedb1806558ec [stream]
[debug] [2022-09-19T13:22:01.217Z] [uploadQueue] Retrying task 89d6df6692bf89b18fc728672c108bd41fa05e87cc9c876a20f2bd81b4203d53
[debug] [2022-09-19T13:22:01.217Z] >>> [apiv2][query] POST https://upload-firebasehosting.googleapis.com/upload/sites/my-portfolio-site-0007/versions/9f00dcc47f92c39c/files/89d6df6692bf89b18fc728672c108bd41fa05e87cc9c876a20f2bd81b4203d53 [none]
[debug] [2022-09-19T13:22:01.217Z] >>> [apiv2][body] POST https://upload-firebasehosting.googleapis.com/upload/sites/my-portfolio-site-0007/versions/9f00dcc47f92c39c/files/89d6df6692bf89b18fc728672c108bd41fa05e87cc9c876a20f2bd81b4203d53 [stream]
[debug] [2022-09-19T13:22:01.218Z] [uploadQueue] Retrying task 06b88ebc8bdc4edb2e23d6347cc265d82409fd880ac250aacac4bf63172b9186
[debug] [2022-09-19T13:22:01.219Z] >>> [apiv2][query] POST https://upload-firebasehosting.googleapis.com/upload/sites/my-portfolio-site-0007/versions/9f00dcc47f92c39c/files/06b88ebc8bdc4edb2e23d6347cc265d82409fd880ac250aacac4bf63172b9186 [none]
[debug] [2022-09-19T13:22:01.219Z] >>> [apiv2][body] POST https://upload-firebasehosting.googleapis.com/upload/sites/my-portfolio-site-0007/versions/9f00dcc47f92c39c/files/06b88ebc8bdc4edb2e23d6347cc265d82409fd880ac250aacac4bf63172b9186 [stream]
[debug] [2022-09-19T13:22:01.220Z] [uploadQueue] Retrying task adeb7821b236214259d526e8553b7f003e04525b38cb8ee17f02a184a5dba368
[debug] [2022-09-19T13:22:01.221Z] >>> [apiv2][query] POST https://upload-firebasehosting.googleapis.com/upload/sites/my-portfolio-site-0007/versions/9f00dcc47f92c39c/files/adeb7821b236214259d526e8553b7f003e04525b38cb8ee17f02a184a5dba368 [none]
[debug] [2022-09-19T13:22:01.221Z] >>> [apiv2][body] POST https://upload-firebasehosting.googleapis.com/upload/sites/my-portfolio-site-0007/versions/9f00dcc47f92c39c/files/adeb7821b236214259d526e8553b7f003e04525b38cb8ee17f02a184a5dba368 [stream]
[debug] [2022-09-19T13:22:01.222Z] [uploadQueue] Retrying task 6c3fae5be70501a052b9e87ec52975bfa9a0f934a18019e557b9fc77316234f1
[debug] [2022-09-19T13:22:01.222Z] >>> [apiv2][query] POST https://upload-firebasehosting.googleapis.com/upload/sites/my-portfolio-site-0007/versions/9f00dcc47f92c39c/files/6c3fae5be70501a052b9e87ec52975bfa9a0f934a18019e557b9fc77316234f1 [none]
[debug] [2022-09-19T13:22:01.222Z] >>> [apiv2][body] POST https://upload-firebasehosting.googleapis.com/upload/sites/my-portfolio-site-0007/versions/9f00dcc47f92c39c/files/6c3fae5be70501a052b9e87ec52975bfa9a0f934a18019e557b9fc77316234f1 [stream]
[debug] [2022-09-19T13:22:01.223Z] [uploadQueue] Retrying task 592314bd55c8b6542fff9b91ff05b30689008806b197354b32716afa184f1b8a
[debug] [2022-09-19T13:22:01.223Z] >>> [apiv2][query] POST https://upload-firebasehosting.googleapis.com/upload/sites/my-portfolio-site-0007/versions/9f00dcc47f92c39c/files/592314bd55c8b6542fff9b91ff05b30689008806b197354b32716afa184f1b8a [none]
[debug] [2022-09-19T13:22:01.223Z] >>> [apiv2][body] POST https://upload-firebasehosting.googleapis.com/upload/sites/my-portfolio-site-0007/versions/9f00dcc47f92c39c/files/592314bd55c8b6542fff9b91ff05b30689008806b197354b32716afa184f1b8a [stream]
[debug] [2022-09-19T13:22:01.224Z] [uploadQueue] Retrying task 1e060559f9c9de516afdaefe0a1958d83d8d55add0033025b8b50c233c4bf538
[debug] [2022-09-19T13:22:01.224Z] >>> [apiv2][query] POST https://upload-firebasehosting.googleapis.com/upload/sites/my-portfolio-site-0007/versions/9f00dcc47f92c39c/files/1e060559f9c9de516afdaefe0a1958d83d8d55add0033025b8b50c233c4bf538 [none]
[debug] [2022-09-19T13:22:01.224Z] >>> [apiv2][body] POST https://upload-firebasehosting.googleapis.com/upload/sites/my-portfolio-site-0007/versions/9f00dcc47f92c39c/files/1e060559f9c9de516afdaefe0a1958d83d8d55add0033025b8b50c233c4bf538 [stream]
[debug] [2022-09-19T13:22:01.225Z] [uploadQueue] Retrying task 24029713dd94821c20b7efcb9c6af7f487bccfc9e616b5bacb2cbac1aca9bd37
[debug] [2022-09-19T13:22:01.225Z] >>> [apiv2][query] POST https://upload-firebasehosting.googleapis.com/upload/sites/my-portfolio-site-0007/versions/9f00dcc47f92c39c/files/24029713dd94821c20b7efcb9c6af7f487bccfc9e616b5bacb2cbac1aca9bd37 [none]
[debug] [2022-09-19T13:22:01.225Z] >>> [apiv2][body] POST https://upload-firebasehosting.googleapis.com/upload/sites/my-portfolio-site-0007/versions/9f00dcc47f92c39c/files/24029713dd94821c20b7efcb9c6af7f487bccfc9e616b5bacb2cbac1aca9bd37 [stream]
[debug] [2022-09-19T13:22:01.226Z] [uploadQueue] Retrying task 8feb7dccc416d5d9c37d011227d05a0efa4c81fa2d49b39074fa4aafecaecf6c
[debug] [2022-09-19T13:22:01.226Z] >>> [apiv2][query] POST https://upload-firebasehosting.googleapis.com/upload/sites/my-portfolio-site-0007/versions/9f00dcc47f92c39c/files/8feb7dccc416d5d9c37d011227d05a0efa4c81fa2d49b39074fa4aafecaecf6c [none]
[debug] [2022-09-19T13:22:01.226Z] >>> [apiv2][body] POST https://upload-firebasehosting.googleapis.com/upload/sites/my-portfolio-site-0007/versions/9f00dcc47f92c39c/files/8feb7dccc416d5d9c37d011227d05a0efa4c81fa2d49b39074fa4aafecaecf6c [stream]
[debug] [2022-09-19T13:22:08.520Z] [uploadQueue] Retrying task bc16e82e3b0039871502943f602437cabd76742da6f846c8c14dfd5c0f477433
[debug] [2022-09-19T13:22:08.521Z] >>> [apiv2][query] POST https://upload-firebasehosting.googleapis.com/upload/sites/my-portfolio-site-0007/versions/9f00dcc47f92c39c/files/bc16e82e3b0039871502943f602437cabd76742da6f846c8c14dfd5c0f477433 [none]
[debug] [2022-09-19T13:22:08.521Z] >>> [apiv2][body] POST https://upload-firebasehosting.googleapis.com/upload/sites/my-portfolio-site-0007/versions/9f00dcc47f92c39c/files/bc16e82e3b0039871502943f602437cabd76742da6f846c8c14dfd5c0f477433 [stream]
[debug] [2022-09-19T13:22:11.682Z] [uploadQueue] Retrying task 9ac6f7c926f0151d612340cf7df3f139124730902f7f86546abd7d3b28232e4e
[debug] [2022-09-19T13:22:11.683Z] >>> [apiv2][query] POST https://upload-firebasehosting.googleapis.com/upload/sites/my-portfolio-site-0007/versions/9f00dcc47f92c39c/files/9ac6f7c926f0151d612340cf7df3f139124730902f7f86546abd7d3b28232e4e [none]
[debug] [2022-09-19T13:22:11.683Z] >>> [apiv2][body] POST https://upload-firebasehosting.googleapis.com/upload/sites/my-portfolio-site-0007/versions/9f00dcc47f92c39c/files/9ac6f7c926f0151d612340cf7df3f139124730902f7f86546abd7d3b28232e4e [stream]
[debug] [2022-09-19T13:22:34.403Z] [uploadQueue] Retrying task c5162450985e6059c32c0ec729a810b976ee72aa731b77a383adedb1806558ec
[debug] [2022-09-19T13:22:34.405Z] >>> [apiv2][query] POST https://upload-firebasehosting.googleapis.com/upload/sites/my-portfolio-site-0007/versions/9f00dcc47f92c39c/files/c5162450985e6059c32c0ec729a810b976ee72aa731b77a383adedb1806558ec [none]
[debug] [2022-09-19T13:22:34.406Z] >>> [apiv2][body] POST https://upload-firebasehosting.googleapis.com/upload/sites/my-portfolio-site-0007/versions/9f00dcc47f92c39c/files/c5162450985e6059c32c0ec729a810b976ee72aa731b77a383adedb1806558ec [stream]
[debug] [2022-09-19T13:22:34.432Z] [uploadQueue] Retrying task 89d6df6692bf89b18fc728672c108bd41fa05e87cc9c876a20f2bd81b4203d53
[debug] [2022-09-19T13:22:34.433Z] >>> [apiv2][query] POST https://upload-firebasehosting.googleapis.com/upload/sites/my-portfolio-site-0007/versions/9f00dcc47f92c39c/files/89d6df6692bf89b18fc728672c108bd41fa05e87cc9c876a20f2bd81b4203d53 [none]
[debug] [2022-09-19T13:22:34.433Z] >>> [apiv2][body] POST https://upload-firebasehosting.googleapis.com/upload/sites/my-portfolio-site-0007/versions/9f00dcc47f92c39c/files/89d6df6692bf89b18fc728672c108bd41fa05e87cc9c876a20f2bd81b4203d53 [stream]
[debug] [2022-09-19T13:22:34.435Z] [uploadQueue] Retrying task 06b88ebc8bdc4edb2e23d6347cc265d82409fd880ac250aacac4bf63172b9186
[debug] [2022-09-19T13:22:34.435Z] >>> [apiv2][query] POST https://upload-firebasehosting.googleapis.com/upload/sites/my-portfolio-site-0007/versions/9f00dcc47f92c39c/files/06b88ebc8bdc4edb2e23d6347cc265d82409fd880ac250aacac4bf63172b9186 [none]
[debug] [2022-09-19T13:22:34.435Z] >>> [apiv2][body] POST https://upload-firebasehosting.googleapis.com/upload/sites/my-portfolio-site-0007/versions/9f00dcc47f92c39c/files/06b88ebc8bdc4edb2e23d6347cc265d82409fd880ac250aacac4bf63172b9186 [stream]
[debug] [2022-09-19T13:22:34.439Z] [uploadQueue] Retrying task adeb7821b236214259d526e8553b7f003e04525b38cb8ee17f02a184a5dba368
[debug] [2022-09-19T13:22:34.439Z] >>> [apiv2][query] POST https://upload-firebasehosting.googleapis.com/upload/sites/my-portfolio-site-0007/versions/9f00dcc47f92c39c/files/adeb7821b236214259d526e8553b7f003e04525b38cb8ee17f02a184a5dba368 [none]
[debug] [2022-09-19T13:22:34.440Z] >>> [apiv2][body] POST https://upload-firebasehosting.googleapis.com/upload/sites/my-portfolio-site-0007/versions/9f00dcc47f92c39c/files/adeb7821b236214259d526e8553b7f003e04525b38cb8ee17f02a184a5dba368 [stream]
[debug] [2022-09-19T13:22:34.441Z] [uploadQueue] Retrying task 6c3fae5be70501a052b9e87ec52975bfa9a0f934a18019e557b9fc77316234f1
[debug] [2022-09-19T13:22:34.442Z] >>> [apiv2][query] POST https://upload-firebasehosting.googleapis.com/upload/sites/my-portfolio-site-0007/versions/9f00dcc47f92c39c/files/6c3fae5be70501a052b9e87ec52975bfa9a0f934a18019e557b9fc77316234f1 [none]
[debug] [2022-09-19T13:22:34.442Z] >>> [apiv2][body] POST https://upload-firebasehosting.googleapis.com/upload/sites/my-portfolio-site-0007/versions/9f00dcc47f92c39c/files/6c3fae5be70501a052b9e87ec52975bfa9a0f934a18019e557b9fc77316234f1 [stream]
[debug] [2022-09-19T13:22:34.444Z] [uploadQueue] Retrying task 592314bd55c8b6542fff9b91ff05b30689008806b197354b32716afa184f1b8a
[debug] [2022-09-19T13:22:34.444Z] >>> [apiv2][query] POST https://upload-firebasehosting.googleapis.com/upload/sites/my-portfolio-site-0007/versions/9f00dcc47f92c39c/files/592314bd55c8b6542fff9b91ff05b30689008806b197354b32716afa184f1b8a [none]
[debug] [2022-09-19T13:22:34.444Z] >>> [apiv2][body] POST https://upload-firebasehosting.googleapis.com/upload/sites/my-portfolio-site-0007/versions/9f00dcc47f92c39c/files/592314bd55c8b6542fff9b91ff05b30689008806b197354b32716afa184f1b8a [stream]
[debug] [2022-09-19T13:22:34.446Z] [uploadQueue] Retrying task 1e060559f9c9de516afdaefe0a1958d83d8d55add0033025b8b50c233c4bf538
[debug] [2022-09-19T13:22:34.446Z] >>> [apiv2][query] POST https://upload-firebasehosting.googleapis.com/upload/sites/my-portfolio-site-0007/versions/9f00dcc47f92c39c/files/1e060559f9c9de516afdaefe0a1958d83d8d55add0033025b8b50c233c4bf538 [none]
[debug] [2022-09-19T13:22:34.446Z] >>> [apiv2][body] POST https://upload-firebasehosting.googleapis.com/upload/sites/my-portfolio-site-0007/versions/9f00dcc47f92c39c/files/1e060559f9c9de516afdaefe0a1958d83d8d55add0033025b8b50c233c4bf538 [stream]
[debug] [2022-09-19T13:22:34.447Z] [uploadQueue] Retrying task 24029713dd94821c20b7efcb9c6af7f487bccfc9e616b5bacb2cbac1aca9bd37
[debug] [2022-09-19T13:22:34.448Z] >>> [apiv2][query] POST https://upload-firebasehosting.googleapis.com/upload/sites/my-portfolio-site-0007/versions/9f00dcc47f92c39c/files/24029713dd94821c20b7efcb9c6af7f487bccfc9e616b5bacb2cbac1aca9bd37 [none]
[debug] [2022-09-19T13:22:34.448Z] >>> [apiv2][body] POST https://upload-firebasehosting.googleapis.com/upload/sites/my-portfolio-site-0007/versions/9f00dcc47f92c39c/files/24029713dd94821c20b7efcb9c6af7f487bccfc9e616b5bacb2cbac1aca9bd37 [stream]
[debug] [2022-09-19T13:22:34.450Z] [uploadQueue] Retrying task 8feb7dccc416d5d9c37d011227d05a0efa4c81fa2d49b39074fa4aafecaecf6c
[debug] [2022-09-19T13:22:34.450Z] >>> [apiv2][query] POST https://upload-firebasehosting.googleapis.com/upload/sites/my-portfolio-site-0007/versions/9f00dcc47f92c39c/files/8feb7dccc416d5d9c37d011227d05a0efa4c81fa2d49b39074fa4aafecaecf6c [none]
[debug] [2022-09-19T13:22:34.450Z] >>> [apiv2][body] POST https://upload-firebasehosting.googleapis.com/upload/sites/my-portfolio-site-0007/versions/9f00dcc47f92c39c/files/8feb7dccc416d5d9c37d011227d05a0efa4c81fa2d49b39074fa4aafecaecf6c [stream]
[debug] [2022-09-19T13:22:41.706Z] [uploadQueue] Retrying task 96896babc5093a105884ef2f561e490405b8d27e89617ff26069b1a82a3fd7fa
[debug] [2022-09-19T13:22:41.707Z] >>> [apiv2][query] POST https://upload-firebasehosting.googleapis.com/upload/sites/my-portfolio-site-0007/versions/9f00dcc47f92c39c/files/96896babc5093a105884ef2f561e490405b8d27e89617ff26069b1a82a3fd7fa [none]
[debug] [2022-09-19T13:22:41.707Z] >>> [apiv2][body] POST https://upload-firebasehosting.googleapis.com/upload/sites/my-portfolio-site-0007/versions/9f00dcc47f92c39c/files/96896babc5093a105884ef2f561e490405b8d27e89617ff26069b1a82a3fd7fa [stream]
[debug] [2022-09-19T13:22:44.412Z] [uploadQueue] Retrying task cd68c498b1f5c86c306990eb2b7e87430ae34523eb446be74eed9e0a9c5b8692
[debug] [2022-09-19T13:22:44.412Z] >>> [apiv2][query] POST https://upload-firebasehosting.googleapis.com/upload/sites/my-portfolio-site-0007/versions/9f00dcc47f92c39c/files/cd68c498b1f5c86c306990eb2b7e87430ae34523eb446be74eed9e0a9c5b8692 [none]
[debug] [2022-09-19T13:22:44.412Z] >>> [apiv2][body] POST https://upload-firebasehosting.googleapis.com/upload/sites/my-portfolio-site-0007/versions/9f00dcc47f92c39c/files/cd68c498b1f5c86c306990eb2b7e87430ae34523eb446be74eed9e0a9c5b8692 [stream]
[debug] [2022-09-19T13:22:48.413Z] [uploadQueue] Retrying task 9ac6f7c926f0151d612340cf7df3f139124730902f7f86546abd7d3b28232e4e
[debug] [2022-09-19T13:22:48.414Z] >>> [apiv2][query] POST https://upload-firebasehosting.googleapis.com/upload/sites/my-portfolio-site-0007/versions/9f00dcc47f92c39c/files/9ac6f7c926f0151d612340cf7df3f139124730902f7f86546abd7d3b28232e4e [none]
[debug] [2022-09-19T13:22:48.414Z] >>> [apiv2][body] POST https://upload-firebasehosting.googleapis.com/upload/sites/my-portfolio-site-0007/versions/9f00dcc47f92c39c/files/9ac6f7c926f0151d612340cf7df3f139124730902f7f86546abd7d3b28232e4e [stream]
[debug] [2022-09-19T13:22:59.590Z] [uploadQueue] Retrying task bc16e82e3b0039871502943f602437cabd76742da6f846c8c14dfd5c0f477433
[debug] [2022-09-19T13:22:59.591Z] >>> [apiv2][query] POST https://upload-firebasehosting.googleapis.com/upload/sites/my-portfolio-site-0007/versions/9f00dcc47f92c39c/files/bc16e82e3b0039871502943f602437cabd76742da6f846c8c14dfd5c0f477433 [none]
[debug] [2022-09-19T13:22:59.591Z] >>> [apiv2][body] POST https://upload-firebasehosting.googleapis.com/upload/sites/my-portfolio-site-0007/versions/9f00dcc47f92c39c/files/bc16e82e3b0039871502943f602437cabd76742da6f846c8c14dfd5c0f477433 [stream]
[debug] [2022-09-19T13:23:04.211Z] <<< [apiv2][status] POST https://upload-firebasehosting.googleapis.com/upload/sites/my-portfolio-site-0007/versions/9f00dcc47f92c39c/files/06b88ebc8bdc4edb2e23d6347cc265d82409fd880ac250aacac4bf63172b9186 200
[debug] [2022-09-19T13:23:04.212Z] <<< [apiv2][body] POST https://upload-firebasehosting.googleapis.com/upload/sites/my-portfolio-site-0007/versions/9f00dcc47f92c39c/files/06b88ebc8bdc4edb2e23d6347cc265d82409fd880ac250aacac4bf63172b9186 [stream]
[debug] [2022-09-19T13:23:10.831Z] [uploadQueue] Retrying task c5162450985e6059c32c0ec729a810b976ee72aa731b77a383adedb1806558ec
[debug] [2022-09-19T13:23:10.832Z] >>> [apiv2][query] POST https://upload-firebasehosting.googleapis.com/upload/sites/my-portfolio-site-0007/versions/9f00dcc47f92c39c/files/c5162450985e6059c32c0ec729a810b976ee72aa731b77a383adedb1806558ec [none]
[debug] [2022-09-19T13:23:10.832Z] >>> [apiv2][body] POST https://upload-firebasehosting.googleapis.com/upload/sites/my-portfolio-site-0007/versions/9f00dcc47f92c39c/files/c5162450985e6059c32c0ec729a810b976ee72aa731b77a383adedb1806558ec [stream]
[debug] [2022-09-19T13:23:10.835Z] [uploadQueue] Retrying task 89d6df6692bf89b18fc728672c108bd41fa05e87cc9c876a20f2bd81b4203d53
[debug] [2022-09-19T13:23:10.835Z] >>> [apiv2][query] POST https://upload-firebasehosting.googleapis.com/upload/sites/my-portfolio-site-0007/versions/9f00dcc47f92c39c/files/89d6df6692bf89b18fc728672c108bd41fa05e87cc9c876a20f2bd81b4203d53 [none]
[debug] [2022-09-19T13:23:10.835Z] >>> [apiv2][body] POST https://upload-firebasehosting.googleapis.com/upload/sites/my-portfolio-site-0007/versions/9f00dcc47f92c39c/files/89d6df6692bf89b18fc728672c108bd41fa05e87cc9c876a20f2bd81b4203d53 [stream]
[debug] [2022-09-19T13:23:10.861Z] [uploadQueue] Retrying task adeb7821b236214259d526e8553b7f003e04525b38cb8ee17f02a184a5dba368
[debug] [2022-09-19T13:23:10.862Z] >>> [apiv2][query] POST https://upload-firebasehosting.googleapis.com/upload/sites/my-portfolio-site-0007/versions/9f00dcc47f92c39c/files/adeb7821b236214259d526e8553b7f003e04525b38cb8ee17f02a184a5dba368 [none]
[debug] [2022-09-19T13:23:10.862Z] >>> [apiv2][body] POST https://upload-firebasehosting.googleapis.com/upload/sites/my-portfolio-site-0007/versions/9f00dcc47f92c39c/files/adeb7821b236214259d526e8553b7f003e04525b38cb8ee17f02a184a5dba368 [stream]
[debug] [2022-09-19T13:23:10.863Z] [uploadQueue] Retrying task 6c3fae5be70501a052b9e87ec52975bfa9a0f934a18019e557b9fc77316234f1
[debug] [2022-09-19T13:23:10.864Z] >>> [apiv2][query] POST https://upload-firebasehosting.googleapis.com/upload/sites/my-portfolio-site-0007/versions/9f00dcc47f92c39c/files/6c3fae5be70501a052b9e87ec52975bfa9a0f934a18019e557b9fc77316234f1 [none]
[debug] [2022-09-19T13:23:10.864Z] >>> [apiv2][body] POST https://upload-firebasehosting.googleapis.com/upload/sites/my-portfolio-site-0007/versions/9f00dcc47f92c39c/files/6c3fae5be70501a052b9e87ec52975bfa9a0f934a18019e557b9fc77316234f1 [stream]
[debug] [2022-09-19T13:23:10.865Z] [uploadQueue] Retrying task 592314bd55c8b6542fff9b91ff05b30689008806b197354b32716afa184f1b8a
[debug] [2022-09-19T13:23:10.865Z] >>> [apiv2][query] POST https://upload-firebasehosting.googleapis.com/upload/sites/my-portfolio-site-0007/versions/9f00dcc47f92c39c/files/592314bd55c8b6542fff9b91ff05b30689008806b197354b32716afa184f1b8a [none]
[debug] [2022-09-19T13:23:10.865Z] >>> [apiv2][body] POST https://upload-firebasehosting.googleapis.com/upload/sites/my-portfolio-site-0007/versions/9f00dcc47f92c39c/files/592314bd55c8b6542fff9b91ff05b30689008806b197354b32716afa184f1b8a [stream]
[debug] [2022-09-19T13:23:10.867Z] [uploadQueue] Retrying task 1e060559f9c9de516afdaefe0a1958d83d8d55add0033025b8b50c233c4bf538
[debug] [2022-09-19T13:23:10.867Z] >>> [apiv2][query] POST https://upload-firebasehosting.googleapis.com/upload/sites/my-portfolio-site-0007/versions/9f00dcc47f92c39c/files/1e060559f9c9de516afdaefe0a1958d83d8d55add0033025b8b50c233c4bf538 [none]
[debug] [2022-09-19T13:23:10.867Z] >>> [apiv2][body] POST https://upload-firebasehosting.googleapis.com/upload/sites/my-portfolio-site-0007/versions/9f00dcc47f92c39c/files/1e060559f9c9de516afdaefe0a1958d83d8d55add0033025b8b50c233c4bf538 [stream]
[debug] [2022-09-19T13:23:10.868Z] [uploadQueue] Retrying task 24029713dd94821c20b7efcb9c6af7f487bccfc9e616b5bacb2cbac1aca9bd37
[debug] [2022-09-19T13:23:10.869Z] >>> [apiv2][query] POST https://upload-firebasehosting.googleapis.com/upload/sites/my-portfolio-site-0007/versions/9f00dcc47f92c39c/files/24029713dd94821c20b7efcb9c6af7f487bccfc9e616b5bacb2cbac1aca9bd37 [none]
[debug] [2022-09-19T13:23:10.869Z] >>> [apiv2][body] POST https://upload-firebasehosting.googleapis.com/upload/sites/my-portfolio-site-0007/versions/9f00dcc47f92c39c/files/24029713dd94821c20b7efcb9c6af7f487bccfc9e616b5bacb2cbac1aca9bd37 [stream]
[debug] [2022-09-19T13:23:10.870Z] [uploadQueue] Retrying task 8feb7dccc416d5d9c37d011227d05a0efa4c81fa2d49b39074fa4aafecaecf6c
[debug] [2022-09-19T13:23:10.871Z] >>> [apiv2][query] POST https://upload-firebasehosting.googleapis.com/upload/sites/my-portfolio-site-0007/versions/9f00dcc47f92c39c/files/8feb7dccc416d5d9c37d011227d05a0efa4c81fa2d49b39074fa4aafecaecf6c [none]
[debug] [2022-09-19T13:23:10.871Z] >>> [apiv2][body] POST https://upload-firebasehosting.googleapis.com/upload/sites/my-portfolio-site-0007/versions/9f00dcc47f92c39c/files/8feb7dccc416d5d9c37d011227d05a0efa4c81fa2d49b39074fa4aafecaecf6c [stream]
[debug] [2022-09-19T13:23:28.337Z] [uploadQueue] Retrying task 9ac6f7c926f0151d612340cf7df3f139124730902f7f86546abd7d3b28232e4e
[debug] [2022-09-19T13:23:28.339Z] >>> [apiv2][query] POST https://upload-firebasehosting.googleapis.com/upload/sites/my-portfolio-site-0007/versions/9f00dcc47f92c39c/files/9ac6f7c926f0151d612340cf7df3f139124730902f7f86546abd7d3b28232e4e [none]
[debug] [2022-09-19T13:23:28.340Z] >>> [apiv2][body] POST https://upload-firebasehosting.googleapis.com/upload/sites/my-portfolio-site-0007/versions/9f00dcc47f92c39c/files/9ac6f7c926f0151d612340cf7df3f139124730902f7f86546abd7d3b28232e4e [stream]
[debug] [2022-09-19T13:23:32.017Z] [uploadQueue] Retrying task cd68c498b1f5c86c306990eb2b7e87430ae34523eb446be74eed9e0a9c5b8692
[debug] [2022-09-19T13:23:32.019Z] >>> [apiv2][query] POST https://upload-firebasehosting.googleapis.com/upload/sites/my-portfolio-site-0007/versions/9f00dcc47f92c39c/files/cd68c498b1f5c86c306990eb2b7e87430ae34523eb446be74eed9e0a9c5b8692 [none]
[debug] [2022-09-19T13:23:32.019Z] >>> [apiv2][body] POST https://upload-firebasehosting.googleapis.com/upload/sites/my-portfolio-site-0007/versions/9f00dcc47f92c39c/files/cd68c498b1f5c86c306990eb2b7e87430ae34523eb446be74eed9e0a9c5b8692 [stream]
[debug] Task c5162450985e6059c32c0ec729a810b976ee72aa731b77a383adedb1806558ec failed: retries exhausted after 6 attempts, with error: Timeout reached making request to https://upload-firebasehosting.googleapis.com/upload/sites/my-portfolio-site-0007/versions/9f00dcc47f92c39c/files/c5162450985e6059c32c0ec729a810b976ee72aa731b77a383adedb1806558ec
[debug] [2022-09-19T13:23:40.840Z] [hosting][upload queue][FINAL] {"max":29989,"min":29777,"avg":29883,"active":12,"complete":3,"success":2,"errored":1,"retried":58,"total":15,"elapsed":192482}
[debug] Task 89d6df6692bf89b18fc728672c108bd41fa05e87cc9c876a20f2bd81b4203d53 failed: retries exhausted after 6 attempts, with error: Timeout reached making request to https://upload-firebasehosting.googleapis.com/upload/sites/my-portfolio-site-0007/versions/9f00dcc47f92c39c/files/89d6df6692bf89b18fc728672c108bd41fa05e87cc9c876a20f2bd81b4203d53
[debug] Task adeb7821b236214259d526e8553b7f003e04525b38cb8ee17f02a184a5dba368 failed: retries exhausted after 6 attempts, with error: Timeout reached making request to https://upload-firebasehosting.googleapis.com/upload/sites/my-portfolio-site-0007/versions/9f00dcc47f92c39c/files/adeb7821b236214259d526e8553b7f003e04525b38cb8ee17f02a184a5dba368
[debug] Task 6c3fae5be70501a052b9e87ec52975bfa9a0f934a18019e557b9fc77316234f1 failed: retries exhausted after 6 attempts, with error: Timeout reached making request to https://upload-firebasehosting.googleapis.com/upload/sites/my-portfolio-site-0007/versions/9f00dcc47f92c39c/files/6c3fae5be70501a052b9e87ec52975bfa9a0f934a18019e557b9fc77316234f1
[debug] Task 592314bd55c8b6542fff9b91ff05b30689008806b197354b32716afa184f1b8a failed: retries exhausted after 6 attempts, with error: Timeout reached making request to https://upload-firebasehosting.googleapis.com/upload/sites/my-portfolio-site-0007/versions/9f00dcc47f92c39c/files/592314bd55c8b6542fff9b91ff05b30689008806b197354b32716afa184f1b8a
[debug] Task 1e060559f9c9de516afdaefe0a1958d83d8d55add0033025b8b50c233c4bf538 failed: retries exhausted after 6 attempts, with error: Timeout reached making request to https://upload-firebasehosting.googleapis.com/upload/sites/my-portfolio-site-0007/versions/9f00dcc47f92c39c/files/1e060559f9c9de516afdaefe0a1958d83d8d55add0033025b8b50c233c4bf538
[debug] Task 24029713dd94821c20b7efcb9c6af7f487bccfc9e616b5bacb2cbac1aca9bd37 failed: retries exhausted after 6 attempts, with error: Timeout reached making request to https://upload-firebasehosting.googleapis.com/upload/sites/my-portfolio-site-0007/versions/9f00dcc47f92c39c/files/24029713dd94821c20b7efcb9c6af7f487bccfc9e616b5bacb2cbac1aca9bd37
[debug] Task 8feb7dccc416d5d9c37d011227d05a0efa4c81fa2d49b39074fa4aafecaecf6c failed: retries exhausted after 6 attempts, with error: Timeout reached making request to https://upload-firebasehosting.googleapis.com/upload/sites/my-portfolio-site-0007/versions/9f00dcc47f92c39c/files/8feb7dccc416d5d9c37d011227d05a0efa4c81fa2d49b39074fa4aafecaecf6c
[debug] [2022-09-19T13:23:45.866Z] Error: Timed out.
    at Timeout._onTimeout (C:\Users\zamzam\AppData\Roaming\npm\node_modules\firebase-tools\lib\utils.js:253:49)
    at listOnTimeout (node:internal/timers:559:17)
    at processTimers (node:internal/timers:502:7)
[error] 
[error] Error: An unexpected error has occurred.
